Unity Editor version:    2022.3.15f1 (b58023a2b463)
Branch:                  2022.3/staging
Build type:              Release
Batch mode:              YES
macOS version:           Version 13.6.6 (Build 22G630)
Darwin version:          22.6.0
Architecture:            x86_64
Running under Rosetta:   NO
Available memory:        16384 MB
Using pre-set license
Pro License: YES

COMMAND LINE ARGUMENTS:
/Applications/Unity/Unity.app/Contents/MacOS/Unity
-adb2
-batchMode
-noUpm
-name
AssetImportWorker0
-projectPath
/Users/noahtanner/ElementalMiniGame
-logFile
Logs/AssetImportWorker0.log
-srvPort
50957
Successfully changed project path to: /Users/noahtanner/ElementalMiniGame
/Users/noahtanner/ElementalMiniGame
[UnityMemory] Configuration Parameters - Can be set up in boot.config
    "memorysetup-bucket-allocator-granularity=16"
    "memorysetup-bucket-allocator-bucket-count=8"
    "memorysetup-bucket-allocator-block-size=33554432"
    "memorysetup-bucket-allocator-block-count=8"
    "memorysetup-main-allocator-block-size=16777216"
    "memorysetup-thread-allocator-block-size=16777216"
    "memorysetup-gfx-main-allocator-block-size=16777216"
    "memorysetup-gfx-thread-allocator-block-size=16777216"
    "memorysetup-cache-allocator-block-size=4194304"
    "memorysetup-typetree-allocator-block-size=2097152"
    "memorysetup-profiler-bucket-allocator-granularity=16"
    "memorysetup-profiler-bucket-allocator-bucket-count=8"
    "memorysetup-profiler-bucket-allocator-block-size=33554432"
    "memorysetup-profiler-bucket-allocator-block-count=8"
    "memorysetup-profiler-allocator-block-size=16777216"
    "memorysetup-profiler-editor-allocator-block-size=1048576"
    "memorysetup-temp-allocator-size-main=16777216"
    "memorysetup-job-temp-allocator-block-size=2097152"
    "memorysetup-job-temp-allocator-block-size-background=1048576"
    "memorysetup-job-temp-allocator-reduction-small-platforms=262144"
    "memorysetup-allocator-temp-initial-block-size-main=262144"
    "memorysetup-allocator-temp-initial-block-size-worker=262144"
    "memorysetup-temp-allocator-size-background-worker=32768"
    "memorysetup-temp-allocator-size-job-worker=262144"
    "memorysetup-temp-allocator-size-preload-manager=33554432"
    "memorysetup-temp-allocator-size-nav-mesh-worker=65536"
    "memorysetup-temp-allocator-size-audio-worker=65536"
    "memorysetup-temp-allocator-size-cloud-worker=32768"
    "memorysetup-temp-allocator-size-gi-baking-worker=262144"
    "memorysetup-temp-allocator-size-gfx=262144"
Player connection [140704420935616] Host "[IP] 192.168.0.13 [Port] 0 [Flags] 2 [Guid] 2901023249 [EditorId] 2901023249 [Version] 1048832 [Id] OSXEditor(0,noahs-MBP-4.ht.home) [Debug] 1 [PackageName] OSXEditor [ProjectName] Editor" joined multi-casting on [225.0.0.222:54997]...

Player connection [140704420935616] Host "[IP] 192.168.0.13 [Port] 0 [Flags] 2 [Guid] 2901023249 [EditorId] 2901023249 [Version] 1048832 [Id] OSXEditor(0,noahs-MBP-4.ht.home) [Debug] 1 [PackageName] OSXEditor [ProjectName] Editor" joined alternative multi-casting on [225.0.0.222:34997]...

[Physics::Module] Initialized MultithreadedJobDispatcher with 15 workers.
Refreshing native plugins compatible for Editor in 5.45 ms, found 3 plugins.
Preloading 0 native plugins for Editor in 0.00 ms.
Initialize engine version: 2022.3.15f1 (b58023a2b463)
[Subsystems] Discovering subsystems at path /Applications/Unity/Unity.app/Contents/Resources/UnitySubsystems
[Subsystems] Discovering subsystems at path /Users/noahtanner/ElementalMiniGame/Assets
GfxDevice: creating device client; threaded=0; jobified=0
Color LCD preferred device: AMD Radeon Pro 5500M (high power)
Metal devices available: 2
0: AMD Radeon Pro 5500M (high power)
1: Intel(R) UHD Graphics 630 (low power)
Using device AMD Radeon Pro 5500M (high power)
Initializing Metal device caps: AMD Radeon Pro 5500M
Initialize mono
Mono path[0] = '/Applications/Unity/Unity.app/Contents/Managed'
Mono path[1] = '/Applications/Unity/Unity.app/Contents/MonoBleedingEdge/lib/mono/unityjit-macos'
Mono config path = '/Applications/Unity/Unity.app/Contents/MonoBleedingEdge/etc'
Using monoOptions --debugger-agent=transport=dt_socket,embedding=1,server=y,suspend=n,address=127.0.0.1:56779
Begin MonoManager ReloadAssembly
Registering precompiled unity dll's ...
Register platform support module: /Applications/Unity/Unity.app/Contents/PlaybackEngines/MacStandaloneSupport/UnityEditor.OSXStandalone.Extensions.dll
Registered in 0.003717 seconds.
- Loaded All Assemblies, in  0.533 seconds
Native extension for OSXStandalone target not found
Mono: successfully reloaded assembly
- Finished resetting the current domain, in  0.345 seconds
Domain Reload Profiling: 878ms
	BeginReloadAssembly (189ms)
		ExecutionOrderSort (0ms)
		DisableScriptedObjects (0ms)
		BackupInstance (0ms)
		ReleaseScriptingObjects (0ms)
		CreateAndSetChildDomain (1ms)
	RebuildCommonClasses (60ms)
	RebuildNativeTypeToScriptingClass (18ms)
	initialDomainReloadingComplete (66ms)
	LoadAllAssembliesAndSetupDomain (199ms)
		LoadAssemblies (189ms)
		RebuildTransferFunctionScriptingTraits (0ms)
		AnalyzeDomain (197ms)
			TypeCache.Refresh (193ms)
				TypeCache.ScanAssembly (176ms)
			ScanForSourceGeneratedMonoScriptInfo (0ms)
			ResolveRequiredComponents (1ms)
	FinalizeReload (346ms)
		ReleaseScriptCaches (0ms)
		RebuildScriptCaches (0ms)
		SetupLoadedEditorAssemblies (267ms)
			LogAssemblyErrors (0ms)
			InitializePlatformSupportModulesInManaged (8ms)
			SetLoadedEditorAssemblies (9ms)
			RefreshPlugins (0ms)
			BeforeProcessingInitializeOnLoad (2ms)
			ProcessInitializeOnLoadAttributes (187ms)
			ProcessInitializeOnLoadMethodAttributes (60ms)
			AfterProcessingInitializeOnLoad (0ms)
			EditorAssembliesLoaded (0ms)
		ExecutionOrderSort2 (0ms)
		AwakeInstancesAfterBackupRestoration (0ms)
========================================================================
Worker process is ready to serve import requests
Begin MonoManager ReloadAssembly
- Loaded All Assemblies, in  0.893 seconds
Refreshing native plugins compatible for Editor in 2.41 ms, found 3 plugins.
Native extension for OSXStandalone target not found
Package Manager log level set to [2]
[Package Manager] Server::EnsureServerProcessIsRunning -- launch failed, reason: Unity was launched with the -noUpm command-line argument
[Package Manager] UpmClient::Send -- Unable to send message (not connected to UPM process).
[Package Manager] Cannot connect to Unity Package Manager local server
Mono: successfully reloaded assembly
- Finished resetting the current domain, in  0.879 seconds
Domain Reload Profiling: 1772ms
	BeginReloadAssembly (174ms)
		ExecutionOrderSort (0ms)
		DisableScriptedObjects (7ms)
		BackupInstance (0ms)
		ReleaseScriptingObjects (0ms)
		CreateAndSetChildDomain (34ms)
	RebuildCommonClasses (46ms)
	RebuildNativeTypeToScriptingClass (17ms)
	initialDomainReloadingComplete (50ms)
	LoadAllAssembliesAndSetupDomain (606ms)
		LoadAssemblies (451ms)
		RebuildTransferFunctionScriptingTraits (0ms)
		AnalyzeDomain (241ms)
			TypeCache.Refresh (204ms)
				TypeCache.ScanAssembly (183ms)
			ScanForSourceGeneratedMonoScriptInfo (27ms)
			ResolveRequiredComponents (6ms)
	FinalizeReload (880ms)
		ReleaseScriptCaches (0ms)
		RebuildScriptCaches (0ms)
		SetupLoadedEditorAssemblies (657ms)
			LogAssemblyErrors (0ms)
			InitializePlatformSupportModulesInManaged (4ms)
			SetLoadedEditorAssemblies (5ms)
			RefreshPlugins (0ms)
			BeforeProcessingInitializeOnLoad (71ms)
			ProcessInitializeOnLoadAttributes (515ms)
			ProcessInitializeOnLoadMethodAttributes (59ms)
			AfterProcessingInitializeOnLoad (2ms)
			EditorAssembliesLoaded (0ms)
		ExecutionOrderSort2 (0ms)
		AwakeInstancesAfterBackupRestoration (6ms)
Launching external process: /Applications/Unity/Unity.app/Contents/Tools/UnityShaderCompiler
Launched and connected shader compiler UnityShaderCompiler after 0.09 seconds
Refreshing native plugins compatible for Editor in 4.77 ms, found 3 plugins.
Preloading 0 native plugins for Editor in 0.00 ms.
Unloading 4029 Unused Serialized files (Serialized files now loaded: 0)
Unloading 70 unused Assets / (198.7 KB). Loaded Objects now: 4484.
Memory consumption went from 149.0 MB to 148.8 MB.
Total: 5.826268 ms (FindLiveObjects: 0.415469 ms CreateObjectMapping: 0.488293 ms MarkObjects: 4.608106 ms  DeleteObjects: 0.313289 ms)

AssetImportParameters requested are different than current active one (requested -> active):
  custom:container-demuxer-ogg: 62fdf1f143b41e24485cea50d1cbac27 -> 
  custom:video-decoder-ogg-theora: a1e56fd34408186e4bbccfd4996cb3dc -> 
  custom:CustomObjectIndexerAttribute: 43b350a4d6e6d1791af0b5038c4bea17 -> 
  custom:container-demuxer-webm: 4f35f7cbe854078d1ac9338744f61a02 -> 
  custom:container-muxer-webm: aa71ff27fc2769a1b78a27578f13a17b -> 
  custom:video-decoder-webm-vp8: 9c59270c3fd7afecdb556c50c9e8de78 -> 
  custom:SearchIndexIgnoredProperties: e643bd26f0fe6173181afceb89e7c659 -> 
  custom:AudioImporter_EditorPlatform: 3918e3fc78b5a79bad01e8451be0beb8 -> 
  custom:framework-osx-AVFoundation: e770b220cccbd017edd2c1fefb359320 -> 
  custom:video-encoder-webm-vp8: eb34c28f22e8b96e1ab97ce403110664 -> 
  custom:audio-decoder-ogg-vorbis: bf7c407c2cedff20999df2af8eb42d56 -> 
  custom:audio-encoder-webm-vorbis: bf7c407c2cedff20999df2af8eb42d56 -> 
========================================================================
Received Import Request.
  Time since last request: 160887.335350 seconds.
  path: Assets/TilesBackground/Elemental_TM_.png
  artifactKey: Guid(b37a44b54ef5f4ddcb37e4fb8f07316a) Importer(815301076,1909f56bfc062723c751e8b465ee728b)
Start importing Assets/TilesBackground/Elemental_TM_.png using Guid(b37a44b54ef5f4ddcb37e4fb8f07316a) Importer(815301076,1909f56bfc062723c751e8b465ee728b)  -> (artifact id: 'eae6cbf59906496b10d5cd7df34059d0') in 0.179612 seconds
Number of updated asset objects reloaded before import = 0
Number of asset objects unloaded after import = 3
========================================================================
Received Import Request.
  Time since last request: 49.765226 seconds.
  path: Assets/Player
  artifactKey: Guid(fc0e30a0282624e5b884e43d24a922c1) Importer(815301076,1909f56bfc062723c751e8b465ee728b)
Start importing Assets/Player using Guid(fc0e30a0282624e5b884e43d24a922c1) Importer(815301076,1909f56bfc062723c751e8b465ee728b)  -> (artifact id: 'fd24a475bb2f64a3630f9e4b23bd6fff') in 0.000709 seconds
Number of updated asset objects reloaded before import = 0
Number of asset objects unloaded after import = 0
========================================================================
Received Import Request.
  Time since last request: 4.151513 seconds.
  path: Assets/Player/4_Element_sprites.png
  artifactKey: Guid(e967424db61f74065900c083d0644b39) Importer(815301076,1909f56bfc062723c751e8b465ee728b)
Start importing Assets/Player/4_Element_sprites.png using Guid(e967424db61f74065900c083d0644b39) Importer(815301076,1909f56bfc062723c751e8b465ee728b)  -> (artifact id: 'b7f63ced0b8be28ffbb885294727ab6e') in 0.025577 seconds
Number of updated asset objects reloaded before import = 0
Number of asset objects unloaded after import = 3
========================================================================
Received Import Request.
  Time since last request: 18.761433 seconds.
  path: Assets/Player/Water_Elemental.png
  artifactKey: Guid(9d20a1e75f08e40c3be6e5b86b4de8bb) Importer(815301076,1909f56bfc062723c751e8b465ee728b)
Start importing Assets/Player/Water_Elemental.png using Guid(9d20a1e75f08e40c3be6e5b86b4de8bb) Importer(815301076,1909f56bfc062723c751e8b465ee728b)  -> (artifact id: '33c7e4ea81f3ea30645535c397274415') in 0.024238 seconds
Number of updated asset objects reloaded before import = 0
Number of asset objects unloaded after import = 3
========================================================================
Received Import Request.
  Time since last request: 180.488631 seconds.
  path: Assets/Animations
  artifactKey: Guid(888c3c880a2934353af0d3b028eaa230) Importer(815301076,1909f56bfc062723c751e8b465ee728b)
Start importing Assets/Animations using Guid(888c3c880a2934353af0d3b028eaa230) Importer(815301076,1909f56bfc062723c751e8b465ee728b)  -> (artifact id: '8461d4270d0e040bfd066b0b66eb9c26') in 0.000582 seconds
Number of updated asset objects reloaded before import = 0
Number of asset objects unloaded after import = 0
========================================================================
Received Import Request.
  Time since last request: 10.024938 seconds.
  path: Assets/Animations/Player_Idle.anim
  artifactKey: Guid(e0f735d8efdfe4c44bf23c253b0f7592) Importer(815301076,1909f56bfc062723c751e8b465ee728b)
Start importing Assets/Animations/Player_Idle.anim using Guid(e0f735d8efdfe4c44bf23c253b0f7592) Importer(815301076,1909f56bfc062723c751e8b465ee728b)  -> (artifact id: '171c406e7945549303fc423b8400f1a7') in 0.001591 seconds
Number of updated asset objects reloaded before import = 0
Number of asset objects unloaded after import = 1
========================================================================
Received Import Request.
  Time since last request: 31.205357 seconds.
  path: Assets/Player/4_Element_sprites.png
  artifactKey: Guid(e967424db61f74065900c083d0644b39) Importer(815301076,1909f56bfc062723c751e8b465ee728b)
Start importing Assets/Player/4_Element_sprites.png using Guid(e967424db61f74065900c083d0644b39) Importer(815301076,1909f56bfc062723c751e8b465ee728b)  -> (artifact id: 'bcc8a2bc5835b36bfaf2a3096267952c') in 0.006576 seconds
Number of updated asset objects reloaded before import = 0
Number of asset objects unloaded after import = 2
========================================================================
Received Import Request.
  Time since last request: 44.972014 seconds.
  path: Assets/Player/4_Element_sprites.png
  artifactKey: Guid(e967424db61f74065900c083d0644b39) Importer(815301076,1909f56bfc062723c751e8b465ee728b)
Start importing Assets/Player/4_Element_sprites.png using Guid(e967424db61f74065900c083d0644b39) Importer(815301076,1909f56bfc062723c751e8b465ee728b)  -> (artifact id: '84323f1f4eedf5cd4faacd8c0bf38f30') in 0.039783 seconds
Number of updated asset objects reloaded before import = 0
Number of asset objects unloaded after import = 6
========================================================================
Received Import Request.
  Time since last request: 12.152930 seconds.
  path: Assets/Player/Water_Elemental.png
  artifactKey: Guid(9d20a1e75f08e40c3be6e5b86b4de8bb) Importer(815301076,1909f56bfc062723c751e8b465ee728b)
Start importing Assets/Player/Water_Elemental.png using Guid(9d20a1e75f08e40c3be6e5b86b4de8bb) Importer(815301076,1909f56bfc062723c751e8b465ee728b)  -> (artifact id: 'a255a939eb6d4e5030a17f3501cab2a1') in 0.008631 seconds
Number of updated asset objects reloaded before import = 0
Number of asset objects unloaded after import = 2
========================================================================
Received Import Request.
  Time since last request: 14.565206 seconds.
  path: Assets/Player/Water_Elemental.png
  artifactKey: Guid(9d20a1e75f08e40c3be6e5b86b4de8bb) Importer(815301076,1909f56bfc062723c751e8b465ee728b)
Start importing Assets/Player/Water_Elemental.png using Guid(9d20a1e75f08e40c3be6e5b86b4de8bb) Importer(815301076,1909f56bfc062723c751e8b465ee728b)  -> (artifact id: '369284981659989852fd0c91e98606f5') in 0.037973 seconds
Number of updated asset objects reloaded before import = 0
Number of asset objects unloaded after import = 6
========================================================================
Received Import Request.
  Time since last request: 45.432520 seconds.
  path: Assets/Player/4_Element_sprites.png
  artifactKey: Guid(e967424db61f74065900c083d0644b39) Importer(815301076,1909f56bfc062723c751e8b465ee728b)
Start importing Assets/Player/4_Element_sprites.png using Guid(e967424db61f74065900c083d0644b39) Importer(815301076,1909f56bfc062723c751e8b465ee728b)  -> (artifact id: 'd84882ee29fd10525ce048842489f730') in 0.041545 seconds
Number of updated asset objects reloaded before import = 0
Number of asset objects unloaded after import = 6
========================================================================
Received Prepare
Begin MonoManager ReloadAssembly
- Loaded All Assemblies, in  0.574 seconds
Refreshing native plugins compatible for Editor in 2.38 ms, found 3 plugins.
Native extension for OSXStandalone target not found
[Package Manager] Server::EnsureServerProcessIsRunning -- launch failed, reason: Unity was launched with the -noUpm command-line argument
[Package Manager] UpmClient::Send -- Unable to send message (not connected to UPM process).
[Package Manager] Cannot connect to Unity Package Manager local server
Mono: successfully reloaded assembly
- Finished resetting the current domain, in  1.738 seconds
Domain Reload Profiling: 2312ms
	BeginReloadAssembly (191ms)
		ExecutionOrderSort (0ms)
		DisableScriptedObjects (13ms)
		BackupInstance (0ms)
		ReleaseScriptingObjects (0ms)
		CreateAndSetChildDomain (65ms)
	RebuildCommonClasses (46ms)
	RebuildNativeTypeToScriptingClass (16ms)
	initialDomainReloadingComplete (30ms)
	LoadAllAssembliesAndSetupDomain (291ms)
		LoadAssemblies (354ms)
		RebuildTransferFunctionScriptingTraits (0ms)
		AnalyzeDomain (16ms)
			TypeCache.Refresh (7ms)
				TypeCache.ScanAssembly (0ms)
			ScanForSourceGeneratedMonoScriptInfo (0ms)
			ResolveRequiredComponents (7ms)
	FinalizeReload (1739ms)
		ReleaseScriptCaches (0ms)
		RebuildScriptCaches (0ms)
		SetupLoadedEditorAssemblies (578ms)
			LogAssemblyErrors (0ms)
			InitializePlatformSupportModulesInManaged (5ms)
			SetLoadedEditorAssemblies (5ms)
			RefreshPlugins (0ms)
			BeforeProcessingInitializeOnLoad (75ms)
			ProcessInitializeOnLoadAttributes (450ms)
			ProcessInitializeOnLoadMethodAttributes (41ms)
			AfterProcessingInitializeOnLoad (2ms)
			EditorAssembliesLoaded (0ms)
		ExecutionOrderSort2 (0ms)
		AwakeInstancesAfterBackupRestoration (14ms)
Refreshing native plugins compatible for Editor in 2.71 ms, found 3 plugins.
Preloading 0 native plugins for Editor in 0.00 ms.
Unloading 4023 Unused Serialized files (Serialized files now loaded: 0)
Unloading 42 unused Assets / (176.8 KB). Loaded Objects now: 4497.
Memory consumption went from 156.1 MB to 155.9 MB.
Total: 4.662061 ms (FindLiveObjects: 0.304382 ms CreateObjectMapping: 0.280250 ms MarkObjects: 3.884071 ms  DeleteObjects: 0.192398 ms)

Prepare: number of updated asset objects reloaded= 0
AssetImportParameters requested are different than current active one (requested -> active):
  custom:container-demuxer-ogg: 62fdf1f143b41e24485cea50d1cbac27 -> 
  custom:video-decoder-ogg-theora: a1e56fd34408186e4bbccfd4996cb3dc -> 
  custom:CustomObjectIndexerAttribute: 43b350a4d6e6d1791af0b5038c4bea17 -> 
  custom:container-demuxer-webm: 4f35f7cbe854078d1ac9338744f61a02 -> 
  custom:container-muxer-webm: aa71ff27fc2769a1b78a27578f13a17b -> 
  custom:video-decoder-webm-vp8: 9c59270c3fd7afecdb556c50c9e8de78 -> 
  custom:SearchIndexIgnoredProperties: e643bd26f0fe6173181afceb89e7c659 -> 
  custom:AudioImporter_EditorPlatform: 3918e3fc78b5a79bad01e8451be0beb8 -> 
  custom:framework-osx-AVFoundation: e770b220cccbd017edd2c1fefb359320 -> 
  custom:video-encoder-webm-vp8: eb34c28f22e8b96e1ab97ce403110664 -> 
  custom:audio-decoder-ogg-vorbis: bf7c407c2cedff20999df2af8eb42d56 -> 
  custom:audio-encoder-webm-vorbis: bf7c407c2cedff20999df2af8eb42d56 -> 
========================================================================
Received Import Request.
  Time since last request: 201.069248 seconds.
  path: Assets/Animations/Player_Idle.anim
  artifactKey: Guid(e0f735d8efdfe4c44bf23c253b0f7592) Importer(815301076,1909f56bfc062723c751e8b465ee728b)
Start importing Assets/Animations/Player_Idle.anim using Guid(e0f735d8efdfe4c44bf23c253b0f7592) Importer(815301076,1909f56bfc062723c751e8b465ee728b)  -> (artifact id: 'fc534dfb36a05c42a6681af8a122778a') in 0.012816 seconds
Number of updated asset objects reloaded before import = 0
Number of asset objects unloaded after import = 1
========================================================================
Received Prepare
Begin MonoManager ReloadAssembly
- Loaded All Assemblies, in  0.550 seconds
Refreshing native plugins compatible for Editor in 2.63 ms, found 3 plugins.
Native extension for OSXStandalone target not found
[Package Manager] Server::EnsureServerProcessIsRunning -- launch failed, reason: Unity was launched with the -noUpm command-line argument
[Package Manager] UpmClient::Send -- Unable to send message (not connected to UPM process).
[Package Manager] Cannot connect to Unity Package Manager local server
Mono: successfully reloaded assembly
- Finished resetting the current domain, in  1.630 seconds
Domain Reload Profiling: 2180ms
	BeginReloadAssembly (173ms)
		ExecutionOrderSort (0ms)
		DisableScriptedObjects (14ms)
		BackupInstance (0ms)
		ReleaseScriptingObjects (0ms)
		CreateAndSetChildDomain (55ms)
	RebuildCommonClasses (45ms)
	RebuildNativeTypeToScriptingClass (14ms)
	initialDomainReloadingComplete (28ms)
	LoadAllAssembliesAndSetupDomain (288ms)
		LoadAssemblies (343ms)
		RebuildTransferFunctionScriptingTraits (0ms)
		AnalyzeDomain (18ms)
			TypeCache.Refresh (8ms)
				TypeCache.ScanAssembly (0ms)
			ScanForSourceGeneratedMonoScriptInfo (0ms)
			ResolveRequiredComponents (7ms)
	FinalizeReload (1631ms)
		ReleaseScriptCaches (0ms)
		RebuildScriptCaches (0ms)
		SetupLoadedEditorAssemblies (584ms)
			LogAssemblyErrors (0ms)
			InitializePlatformSupportModulesInManaged (4ms)
			SetLoadedEditorAssemblies (5ms)
			RefreshPlugins (0ms)
			BeforeProcessingInitializeOnLoad (76ms)
			ProcessInitializeOnLoadAttributes (452ms)
			ProcessInitializeOnLoadMethodAttributes (44ms)
			AfterProcessingInitializeOnLoad (1ms)
			EditorAssembliesLoaded (0ms)
		ExecutionOrderSort2 (0ms)
		AwakeInstancesAfterBackupRestoration (14ms)
Refreshing native plugins compatible for Editor in 2.44 ms, found 3 plugins.
Preloading 0 native plugins for Editor in 0.00 ms.
Unloading 4023 Unused Serialized files (Serialized files now loaded: 0)
Unloading 42 unused Assets / (176.5 KB). Loaded Objects now: 4501.
Memory consumption went from 162.6 MB to 162.5 MB.
Total: 4.321214 ms (FindLiveObjects: 0.329978 ms CreateObjectMapping: 0.346820 ms MarkObjects: 3.454981 ms  DeleteObjects: 0.188597 ms)

Prepare: number of updated asset objects reloaded= 0
AssetImportParameters requested are different than current active one (requested -> active):
  custom:container-demuxer-ogg: 62fdf1f143b41e24485cea50d1cbac27 -> 
  custom:video-decoder-ogg-theora: a1e56fd34408186e4bbccfd4996cb3dc -> 
  custom:CustomObjectIndexerAttribute: 43b350a4d6e6d1791af0b5038c4bea17 -> 
  custom:container-demuxer-webm: 4f35f7cbe854078d1ac9338744f61a02 -> 
  custom:container-muxer-webm: aa71ff27fc2769a1b78a27578f13a17b -> 
  custom:video-decoder-webm-vp8: 9c59270c3fd7afecdb556c50c9e8de78 -> 
  custom:SearchIndexIgnoredProperties: e643bd26f0fe6173181afceb89e7c659 -> 
  custom:AudioImporter_EditorPlatform: 3918e3fc78b5a79bad01e8451be0beb8 -> 
  custom:framework-osx-AVFoundation: e770b220cccbd017edd2c1fefb359320 -> 
  custom:video-encoder-webm-vp8: eb34c28f22e8b96e1ab97ce403110664 -> 
  custom:audio-decoder-ogg-vorbis: bf7c407c2cedff20999df2af8eb42d56 -> 
  custom:audio-encoder-webm-vorbis: bf7c407c2cedff20999df2af8eb42d56 -> 
========================================================================
Received Prepare
Begin MonoManager ReloadAssembly
- Loaded All Assemblies, in  0.579 seconds
Refreshing native plugins compatible for Editor in 2.73 ms, found 3 plugins.
Native extension for OSXStandalone target not found
[Package Manager] Server::EnsureServerProcessIsRunning -- launch failed, reason: Unity was launched with the -noUpm command-line argument
[Package Manager] UpmClient::Send -- Unable to send message (not connected to UPM process).
[Package Manager] Cannot connect to Unity Package Manager local server
Mono: successfully reloaded assembly
- Finished resetting the current domain, in  1.703 seconds
Domain Reload Profiling: 2282ms
	BeginReloadAssembly (182ms)
		ExecutionOrderSort (0ms)
		DisableScriptedObjects (15ms)
		BackupInstance (0ms)
		ReleaseScriptingObjects (0ms)
		CreateAndSetChildDomain (58ms)
	RebuildCommonClasses (46ms)
	RebuildNativeTypeToScriptingClass (16ms)
	initialDomainReloadingComplete (30ms)
	LoadAllAssembliesAndSetupDomain (305ms)
		LoadAssemblies (364ms)
		RebuildTransferFunctionScriptingTraits (0ms)
		AnalyzeDomain (17ms)
			TypeCache.Refresh (7ms)
				TypeCache.ScanAssembly (0ms)
			ScanForSourceGeneratedMonoScriptInfo (0ms)
			ResolveRequiredComponents (7ms)
	FinalizeReload (1703ms)
		ReleaseScriptCaches (0ms)
		RebuildScriptCaches (0ms)
		SetupLoadedEditorAssemblies (597ms)
			LogAssemblyErrors (0ms)
			InitializePlatformSupportModulesInManaged (5ms)
			SetLoadedEditorAssemblies (5ms)
			RefreshPlugins (0ms)
			BeforeProcessingInitializeOnLoad (80ms)
			ProcessInitializeOnLoadAttributes (463ms)
			ProcessInitializeOnLoadMethodAttributes (42ms)
			AfterProcessingInitializeOnLoad (2ms)
			EditorAssembliesLoaded (0ms)
		ExecutionOrderSort2 (0ms)
		AwakeInstancesAfterBackupRestoration (15ms)
Refreshing native plugins compatible for Editor in 2.41 ms, found 3 plugins.
Preloading 0 native plugins for Editor in 0.00 ms.
Unloading 4024 Unused Serialized files (Serialized files now loaded: 0)
Unloading 42 unused Assets / (176.5 KB). Loaded Objects now: 4505.
Memory consumption went from 169.3 MB to 169.1 MB.
Total: 4.415850 ms (FindLiveObjects: 0.345326 ms CreateObjectMapping: 0.312349 ms MarkObjects: 3.558006 ms  DeleteObjects: 0.199218 ms)

Prepare: number of updated asset objects reloaded= 0
AssetImportParameters requested are different than current active one (requested -> active):
  custom:container-demuxer-ogg: 62fdf1f143b41e24485cea50d1cbac27 -> 
  custom:video-decoder-ogg-theora: a1e56fd34408186e4bbccfd4996cb3dc -> 
  custom:CustomObjectIndexerAttribute: 43b350a4d6e6d1791af0b5038c4bea17 -> 
  custom:container-demuxer-webm: 4f35f7cbe854078d1ac9338744f61a02 -> 
  custom:container-muxer-webm: aa71ff27fc2769a1b78a27578f13a17b -> 
  custom:video-decoder-webm-vp8: 9c59270c3fd7afecdb556c50c9e8de78 -> 
  custom:SearchIndexIgnoredProperties: e643bd26f0fe6173181afceb89e7c659 -> 
  custom:AudioImporter_EditorPlatform: 3918e3fc78b5a79bad01e8451be0beb8 -> 
  custom:framework-osx-AVFoundation: e770b220cccbd017edd2c1fefb359320 -> 
  custom:video-encoder-webm-vp8: eb34c28f22e8b96e1ab97ce403110664 -> 
  custom:audio-decoder-ogg-vorbis: bf7c407c2cedff20999df2af8eb42d56 -> 
  custom:audio-encoder-webm-vorbis: bf7c407c2cedff20999df2af8eb42d56 -> 
========================================================================
Received Import Request.
  Time since last request: 231.779650 seconds.
  path: Assets/TilesBackground/Elemental_TM_.png
  artifactKey: Guid(b37a44b54ef5f4ddcb37e4fb8f07316a) Importer(815301076,1909f56bfc062723c751e8b465ee728b)
Start importing Assets/TilesBackground/Elemental_TM_.png using Guid(b37a44b54ef5f4ddcb37e4fb8f07316a) Importer(815301076,1909f56bfc062723c751e8b465ee728b)  -> (artifact id: '4482ea222a61fdf380ff520216a6ec17') in 0.070513 seconds
Number of updated asset objects reloaded before import = 0
Number of asset objects unloaded after import = 3
========================================================================
Received Import Request.
  Time since last request: 9.816733 seconds.
  path: Assets/TilesBackground/Elemental_TM_.png
  artifactKey: Guid(b37a44b54ef5f4ddcb37e4fb8f07316a) Importer(815301076,1909f56bfc062723c751e8b465ee728b)
Start importing Assets/TilesBackground/Elemental_TM_.png using Guid(b37a44b54ef5f4ddcb37e4fb8f07316a) Importer(815301076,1909f56bfc062723c751e8b465ee728b)  -> (artifact id: '8bbfdced0cc3b9ed5ec1afc3c157be3b') in 0.010227 seconds
Number of updated asset objects reloaded before import = 0
Number of asset objects unloaded after import = 2
========================================================================
Received Import Request.
  Time since last request: 83.219103 seconds.
  path: Assets/TilesBackground/Elemental_TM_.png
  artifactKey: Guid(b37a44b54ef5f4ddcb37e4fb8f07316a) Importer(815301076,1909f56bfc062723c751e8b465ee728b)
Start importing Assets/TilesBackground/Elemental_TM_.png using Guid(b37a44b54ef5f4ddcb37e4fb8f07316a) Importer(815301076,1909f56bfc062723c751e8b465ee728b)  -> (artifact id: 'd20802664b8dc12fc5e22261b3f9e223') in 0.012665 seconds
Number of updated asset objects reloaded before import = 0
Number of asset objects unloaded after import = 2
========================================================================
Received Import Request.
  Time since last request: 134.921239 seconds.
  path: Assets/TilesBackground/Elemental_TM_.png
  artifactKey: Guid(b37a44b54ef5f4ddcb37e4fb8f07316a) Importer(815301076,1909f56bfc062723c751e8b465ee728b)
Start importing Assets/TilesBackground/Elemental_TM_.png using Guid(b37a44b54ef5f4ddcb37e4fb8f07316a) Importer(815301076,1909f56bfc062723c751e8b465ee728b)  -> (artifact id: '02af87f3a98eaea0a2bbff03fad491fd') in 0.008864 seconds
Number of updated asset objects reloaded before import = 0
Number of asset objects unloaded after import = 2
========================================================================
Received Import Request.
  Time since last request: 33.900294 seconds.
  path: Assets/TilesBackground/Elemental_TM_.png
  artifactKey: Guid(b37a44b54ef5f4ddcb37e4fb8f07316a) Importer(815301076,1909f56bfc062723c751e8b465ee728b)
Start importing Assets/TilesBackground/Elemental_TM_.png using Guid(b37a44b54ef5f4ddcb37e4fb8f07316a) Importer(815301076,1909f56bfc062723c751e8b465ee728b)  -> (artifact id: 'c6201a00f05f38faf6985c845a42dde5') in 0.008005 seconds
Number of updated asset objects reloaded before import = 0
Number of asset objects unloaded after import = 2
========================================================================
Received Import Request.
  Time since last request: 49.637386 seconds.
  path: Assets/TilesBackground/Elemental_TM_.png
  artifactKey: Guid(b37a44b54ef5f4ddcb37e4fb8f07316a) Importer(815301076,1909f56bfc062723c751e8b465ee728b)
Start importing Assets/TilesBackground/Elemental_TM_.png using Guid(b37a44b54ef5f4ddcb37e4fb8f07316a) Importer(815301076,1909f56bfc062723c751e8b465ee728b)  -> (artifact id: 'b5ec37d6433467aa46afb95a5966a383') in 0.006834 seconds
Number of updated asset objects reloaded before import = 0
Number of asset objects unloaded after import = 2
========================================================================
Received Import Request.
  Time since last request: 33.444425 seconds.
  path: Assets/TilesBackground/Elemental_TM_.png
  artifactKey: Guid(b37a44b54ef5f4ddcb37e4fb8f07316a) Importer(815301076,1909f56bfc062723c751e8b465ee728b)
Start importing Assets/TilesBackground/Elemental_TM_.png using Guid(b37a44b54ef5f4ddcb37e4fb8f07316a) Importer(815301076,1909f56bfc062723c751e8b465ee728b)  -> (artifact id: '9ac08937a19c48327afc2e5bebbd369b') in 0.006707 seconds
Number of updated asset objects reloaded before import = 0
Number of asset objects unloaded after import = 2
========================================================================
Received Import Request.
  Time since last request: 133.089314 seconds.
  path: Assets/TilesBackground/Elemental_TM_.png
  artifactKey: Guid(b37a44b54ef5f4ddcb37e4fb8f07316a) Importer(815301076,1909f56bfc062723c751e8b465ee728b)
Start importing Assets/TilesBackground/Elemental_TM_.png using Guid(b37a44b54ef5f4ddcb37e4fb8f07316a) Importer(815301076,1909f56bfc062723c751e8b465ee728b)  -> (artifact id: 'c55370a24a2e410878372490b83d0bdb') in 0.027681 seconds
Number of updated asset objects reloaded before import = 0
Number of asset objects unloaded after import = 3
========================================================================
Received Import Request.
  Time since last request: 25.964417 seconds.
  path: Assets/TilesBackground/Elemental_TM_.png
  artifactKey: Guid(b37a44b54ef5f4ddcb37e4fb8f07316a) Importer(815301076,1909f56bfc062723c751e8b465ee728b)
Start importing Assets/TilesBackground/Elemental_TM_.png using Guid(b37a44b54ef5f4ddcb37e4fb8f07316a) Importer(815301076,1909f56bfc062723c751e8b465ee728b)  -> (artifact id: '98e617af6d65951b537701c6e072f545') in 0.012085 seconds
Number of updated asset objects reloaded before import = 0
Number of asset objects unloaded after import = 3
========================================================================
Received Import Request.
  Time since last request: 7.298195 seconds.
  path: Assets/TilesBackground/Elemental_TM_.png
  artifactKey: Guid(b37a44b54ef5f4ddcb37e4fb8f07316a) Importer(815301076,1909f56bfc062723c751e8b465ee728b)
Start importing Assets/TilesBackground/Elemental_TM_.png using Guid(b37a44b54ef5f4ddcb37e4fb8f07316a) Importer(815301076,1909f56bfc062723c751e8b465ee728b)  -> (artifact id: '262744e77a2902d3d70b71858ccc5608') in 0.009149 seconds
Number of updated asset objects reloaded before import = 0
Number of asset objects unloaded after import = 3
========================================================================
Received Import Request.
  Time since last request: 73.538707 seconds.
  path: Assets/TilesBackground/Elemental_TM_.png
  artifactKey: Guid(b37a44b54ef5f4ddcb37e4fb8f07316a) Importer(815301076,1909f56bfc062723c751e8b465ee728b)
Start importing Assets/TilesBackground/Elemental_TM_.png using Guid(b37a44b54ef5f4ddcb37e4fb8f07316a) Importer(815301076,1909f56bfc062723c751e8b465ee728b)  -> (artifact id: '3830ab4c925451fa9b0c1573d50b23bf') in 0.011889 seconds
Number of updated asset objects reloaded before import = 0
Number of asset objects unloaded after import = 3
========================================================================
Received Import Request.
  Time since last request: 91.094155 seconds.
  path: Assets/TilesBackground/Elemental_TM_.png
  artifactKey: Guid(b37a44b54ef5f4ddcb37e4fb8f07316a) Importer(815301076,1909f56bfc062723c751e8b465ee728b)
Start importing Assets/TilesBackground/Elemental_TM_.png using Guid(b37a44b54ef5f4ddcb37e4fb8f07316a) Importer(815301076,1909f56bfc062723c751e8b465ee728b)  -> (artifact id: 'c6641765f791c650ccb548ec5809014b') in 0.008355 seconds
Number of updated asset objects reloaded before import = 0
Number of asset objects unloaded after import = 2
========================================================================
Received Import Request.
  Time since last request: 209.323483 seconds.
  path: Assets/TilesBackground/Elemental_TM_.png
  artifactKey: Guid(b37a44b54ef5f4ddcb37e4fb8f07316a) Importer(815301076,1909f56bfc062723c751e8b465ee728b)
Start importing Assets/TilesBackground/Elemental_TM_.png using Guid(b37a44b54ef5f4ddcb37e4fb8f07316a) Importer(815301076,1909f56bfc062723c751e8b465ee728b)  -> (artifact id: '379b67d1947391158aac8a64ee289e17') in 0.027281 seconds
Number of updated asset objects reloaded before import = 0
Number of asset objects unloaded after import = 6
========================================================================
Received Import Request.
  Time since last request: 36.046722 seconds.
  path: Assets/TilesBackground/Background.prefab
  artifactKey: Guid(ee0a35ba3929142c18cbd77a91af5bc6) Importer(815301076,1909f56bfc062723c751e8b465ee728b)
Start importing Assets/TilesBackground/Background.prefab using Guid(ee0a35ba3929142c18cbd77a91af5bc6) Importer(815301076,1909f56bfc062723c751e8b465ee728b)  -> (artifact id: 'ee847858a80d9e39070830afa74599fa') in 0.081203 seconds
Number of updated asset objects reloaded before import = 0
Number of asset objects unloaded after import = 10
========================================================================
Received Import Request.
  Time since last request: 29.471879 seconds.
  path: Assets/TilesBackground/Background.prefab
  artifactKey: Guid(ee0a35ba3929142c18cbd77a91af5bc6) Importer(815301076,1909f56bfc062723c751e8b465ee728b)
Start importing Assets/TilesBackground/Background.prefab using Guid(ee0a35ba3929142c18cbd77a91af5bc6) Importer(815301076,1909f56bfc062723c751e8b465ee728b)  -> (artifact id: '1e5bb236ab137cd6c3cdf1a0eed22716') in 0.053604 seconds
Number of updated asset objects reloaded before import = 0
Number of asset objects unloaded after import = 19
========================================================================
Received Import Request.
  Time since last request: 0.000052 seconds.
  path: Assets/TilesBackground/Elemental_TM__3.asset
  artifactKey: Guid(f744badfe4371450ba7bf0d509e7aeab) Importer(815301076,1909f56bfc062723c751e8b465ee728b)
Start importing Assets/TilesBackground/Elemental_TM__3.asset using Guid(f744badfe4371450ba7bf0d509e7aeab) Importer(815301076,1909f56bfc062723c751e8b465ee728b)  -> (artifact id: 'b0905762257d95c139755970fc742e18') in 0.026453 seconds
Number of updated asset objects reloaded before import = 0
Number of asset objects unloaded after import = 3
========================================================================
Received Import Request.
  Time since last request: 0.000048 seconds.
  path: Assets/TilesBackground/Elemental_TM__1.asset
  artifactKey: Guid(231184584163d4ca8bbe9f2d3c5b9a12) Importer(815301076,1909f56bfc062723c751e8b465ee728b)
Start importing Assets/TilesBackground/Elemental_TM__1.asset using Guid(231184584163d4ca8bbe9f2d3c5b9a12) Importer(815301076,1909f56bfc062723c751e8b465ee728b)  -> (artifact id: '31a68cde660d0eec6ede141c9a1076d8') in 0.005144 seconds
Number of updated asset objects reloaded before import = 0
Number of asset objects unloaded after import = 3
========================================================================
Received Import Request.
  Time since last request: 0.000056 seconds.
  path: Assets/TilesBackground/Elemental_TM__2.asset
  artifactKey: Guid(d7ae3527e13d04edc8587f4a75d60094) Importer(815301076,1909f56bfc062723c751e8b465ee728b)
Start importing Assets/TilesBackground/Elemental_TM__2.asset using Guid(d7ae3527e13d04edc8587f4a75d60094) Importer(815301076,1909f56bfc062723c751e8b465ee728b)  -> (artifact id: 'aa8971ff2d8c9dc78c2ad7530b4fe38f') in 0.005205 seconds
Number of updated asset objects reloaded before import = 0
Number of asset objects unloaded after import = 3
Editor requested this worker to shutdown with reason: Scaling down because of idle timeout
TcpMessagingSession - receive error: operation aborted. errorcode: 89, details: Operation aborted.
AssetImportWorker is now disconnected from the server
Process exiting
