Unity Editor version:    2022.3.15f1 (b58023a2b463)
Branch:                  2022.3/staging
Build type:              Release
Batch mode:              YES
macOS version:           Version 13.6.6 (Build 22G630)
Darwin version:          22.6.0
Architecture:            x86_64
Running under Rosetta:   NO
Available memory:        16384 MB
Using pre-set license
Pro License: YES

COMMAND LINE ARGUMENTS:
/Applications/Unity/Unity.app/Contents/MacOS/Unity
-adb2
-batchMode
-noUpm
-name
AssetImportWorker2
-projectPath
/Users/noahtanner/ElementalMiniGame
-logFile
Logs/AssetImportWorker2.log
-srvPort
50957
Successfully changed project path to: /Users/noahtanner/ElementalMiniGame
/Users/noahtanner/ElementalMiniGame
[UnityMemory] Configuration Parameters - Can be set up in boot.config
    "memorysetup-bucket-allocator-granularity=16"
    "memorysetup-bucket-allocator-bucket-count=8"
    "memorysetup-bucket-allocator-block-size=33554432"
    "memorysetup-bucket-allocator-block-count=8"
    "memorysetup-main-allocator-block-size=16777216"
    "memorysetup-thread-allocator-block-size=16777216"
    "memorysetup-gfx-main-allocator-block-size=16777216"
    "memorysetup-gfx-thread-allocator-block-size=16777216"
    "memorysetup-cache-allocator-block-size=4194304"
    "memorysetup-typetree-allocator-block-size=2097152"
    "memorysetup-profiler-bucket-allocator-granularity=16"
    "memorysetup-profiler-bucket-allocator-bucket-count=8"
    "memorysetup-profiler-bucket-allocator-block-size=33554432"
    "memorysetup-profiler-bucket-allocator-block-count=8"
    "memorysetup-profiler-allocator-block-size=16777216"
    "memorysetup-profiler-editor-allocator-block-size=1048576"
    "memorysetup-temp-allocator-size-main=16777216"
    "memorysetup-job-temp-allocator-block-size=2097152"
    "memorysetup-job-temp-allocator-block-size-background=1048576"
    "memorysetup-job-temp-allocator-reduction-small-platforms=262144"
    "memorysetup-allocator-temp-initial-block-size-main=262144"
    "memorysetup-allocator-temp-initial-block-size-worker=262144"
    "memorysetup-temp-allocator-size-background-worker=32768"
    "memorysetup-temp-allocator-size-job-worker=262144"
    "memorysetup-temp-allocator-size-preload-manager=33554432"
    "memorysetup-temp-allocator-size-nav-mesh-worker=65536"
    "memorysetup-temp-allocator-size-audio-worker=65536"
    "memorysetup-temp-allocator-size-cloud-worker=32768"
    "memorysetup-temp-allocator-size-gi-baking-worker=262144"
    "memorysetup-temp-allocator-size-gfx=262144"
Player connection [140704420935616] Host "[IP] 192.168.0.13 [Port] 0 [Flags] 2 [Guid] 1389237815 [EditorId] 1389237815 [Version] 1048832 [Id] OSXEditor(0,noahs-MBP-4.ht.home) [Debug] 1 [PackageName] OSXEditor [ProjectName] Editor" joined multi-casting on [225.0.0.222:54997]...

Player connection [140704420935616] Host "[IP] 192.168.0.13 [Port] 0 [Flags] 2 [Guid] 1389237815 [EditorId] 1389237815 [Version] 1048832 [Id] OSXEditor(0,noahs-MBP-4.ht.home) [Debug] 1 [PackageName] OSXEditor [ProjectName] Editor" joined alternative multi-casting on [225.0.0.222:34997]...

[Physics::Module] Initialized MultithreadedJobDispatcher with 15 workers.
Refreshing native plugins compatible for Editor in 19.93 ms, found 3 plugins.
Preloading 0 native plugins for Editor in 0.00 ms.
Initialize engine version: 2022.3.15f1 (b58023a2b463)
[Subsystems] Discovering subsystems at path /Applications/Unity/Unity.app/Contents/Resources/UnitySubsystems
[Subsystems] Discovering subsystems at path /Users/noahtanner/ElementalMiniGame/Assets
GfxDevice: creating device client; threaded=0; jobified=0
Color LCD preferred device: AMD Radeon Pro 5500M (high power)
Metal devices available: 2
0: AMD Radeon Pro 5500M (high power)
1: Intel(R) UHD Graphics 630 (low power)
Using device AMD Radeon Pro 5500M (high power)
Initializing Metal device caps: AMD Radeon Pro 5500M
Initialize mono
Mono path[0] = '/Applications/Unity/Unity.app/Contents/Managed'
Mono path[1] = '/Applications/Unity/Unity.app/Contents/MonoBleedingEdge/lib/mono/unityjit-macos'
Mono config path = '/Applications/Unity/Unity.app/Contents/MonoBleedingEdge/etc'
Using monoOptions --debugger-agent=transport=dt_socket,embedding=1,server=y,suspend=n,address=127.0.0.1:56012
Begin MonoManager ReloadAssembly
Registering precompiled unity dll's ...
Register platform support module: /Applications/Unity/Unity.app/Contents/PlaybackEngines/MacStandaloneSupport/UnityEditor.OSXStandalone.Extensions.dll
Registered in 0.005056 seconds.
- Loaded All Assemblies, in  0.475 seconds
Native extension for OSXStandalone target not found
Mono: successfully reloaded assembly
- Finished resetting the current domain, in  0.327 seconds
Domain Reload Profiling: 803ms
	BeginReloadAssembly (163ms)
		ExecutionOrderSort (0ms)
		DisableScriptedObjects (0ms)
		BackupInstance (0ms)
		ReleaseScriptingObjects (0ms)
		CreateAndSetChildDomain (1ms)
	RebuildCommonClasses (42ms)
	RebuildNativeTypeToScriptingClass (13ms)
	initialDomainReloadingComplete (61ms)
	LoadAllAssembliesAndSetupDomain (195ms)
		LoadAssemblies (164ms)
		RebuildTransferFunctionScriptingTraits (0ms)
		AnalyzeDomain (192ms)
			TypeCache.Refresh (189ms)
				TypeCache.ScanAssembly (173ms)
			ScanForSourceGeneratedMonoScriptInfo (0ms)
			ResolveRequiredComponents (1ms)
	FinalizeReload (328ms)
		ReleaseScriptCaches (0ms)
		RebuildScriptCaches (0ms)
		SetupLoadedEditorAssemblies (251ms)
			LogAssemblyErrors (0ms)
			InitializePlatformSupportModulesInManaged (8ms)
			SetLoadedEditorAssemblies (9ms)
			RefreshPlugins (0ms)
			BeforeProcessingInitializeOnLoad (2ms)
			ProcessInitializeOnLoadAttributes (179ms)
			ProcessInitializeOnLoadMethodAttributes (52ms)
			AfterProcessingInitializeOnLoad (0ms)
			EditorAssembliesLoaded (0ms)
		ExecutionOrderSort2 (0ms)
		AwakeInstancesAfterBackupRestoration (0ms)
========================================================================
Worker process is ready to serve import requests
Begin MonoManager ReloadAssembly
- Loaded All Assemblies, in  0.803 seconds
Refreshing native plugins compatible for Editor in 2.36 ms, found 3 plugins.
Native extension for OSXStandalone target not found
Package Manager log level set to [2]
[Package Manager] Server::EnsureServerProcessIsRunning -- launch failed, reason: Unity was launched with the -noUpm command-line argument
[Package Manager] UpmClient::Send -- Unable to send message (not connected to UPM process).
[Package Manager] Cannot connect to Unity Package Manager local server
Mono: successfully reloaded assembly
- Finished resetting the current domain, in  0.759 seconds
Domain Reload Profiling: 1562ms
	BeginReloadAssembly (147ms)
		ExecutionOrderSort (0ms)
		DisableScriptedObjects (6ms)
		BackupInstance (0ms)
		ReleaseScriptingObjects (0ms)
		CreateAndSetChildDomain (29ms)
	RebuildCommonClasses (41ms)
	RebuildNativeTypeToScriptingClass (13ms)
	initialDomainReloadingComplete (43ms)
	LoadAllAssembliesAndSetupDomain (558ms)
		LoadAssemblies (398ms)
		RebuildTransferFunctionScriptingTraits (0ms)
		AnalyzeDomain (230ms)
			TypeCache.Refresh (194ms)
				TypeCache.ScanAssembly (173ms)
			ScanForSourceGeneratedMonoScriptInfo (26ms)
			ResolveRequiredComponents (6ms)
	FinalizeReload (759ms)
		ReleaseScriptCaches (0ms)
		RebuildScriptCaches (0ms)
		SetupLoadedEditorAssemblies (555ms)
			LogAssemblyErrors (0ms)
			InitializePlatformSupportModulesInManaged (5ms)
			SetLoadedEditorAssemblies (5ms)
			RefreshPlugins (0ms)
			BeforeProcessingInitializeOnLoad (65ms)
			ProcessInitializeOnLoadAttributes (435ms)
			ProcessInitializeOnLoadMethodAttributes (43ms)
			AfterProcessingInitializeOnLoad (1ms)
			EditorAssembliesLoaded (0ms)
		ExecutionOrderSort2 (0ms)
		AwakeInstancesAfterBackupRestoration (4ms)
Launching external process: /Applications/Unity/Unity.app/Contents/Tools/UnityShaderCompiler
Launched and connected shader compiler UnityShaderCompiler after 0.08 seconds
Refreshing native plugins compatible for Editor in 2.08 ms, found 3 plugins.
Preloading 0 native plugins for Editor in 0.00 ms.
Unloading 4029 Unused Serialized files (Serialized files now loaded: 0)
Unloading 70 unused Assets / (198.6 KB). Loaded Objects now: 4484.
Memory consumption went from 149.0 MB to 148.8 MB.
Total: 4.502327 ms (FindLiveObjects: 0.288059 ms CreateObjectMapping: 0.217086 ms MarkObjects: 3.775687 ms  DeleteObjects: 0.220752 ms)

AssetImportParameters requested are different than current active one (requested -> active):
  custom:container-demuxer-ogg: 62fdf1f143b41e24485cea50d1cbac27 -> 
  custom:video-decoder-ogg-theora: a1e56fd34408186e4bbccfd4996cb3dc -> 
  custom:CustomObjectIndexerAttribute: 43b350a4d6e6d1791af0b5038c4bea17 -> 
  custom:container-demuxer-webm: 4f35f7cbe854078d1ac9338744f61a02 -> 
  custom:container-muxer-webm: aa71ff27fc2769a1b78a27578f13a17b -> 
  custom:video-decoder-webm-vp8: 9c59270c3fd7afecdb556c50c9e8de78 -> 
  custom:SearchIndexIgnoredProperties: e643bd26f0fe6173181afceb89e7c659 -> 
  custom:AudioImporter_EditorPlatform: 3918e3fc78b5a79bad01e8451be0beb8 -> 
  custom:framework-osx-AVFoundation: e770b220cccbd017edd2c1fefb359320 -> 
  custom:video-encoder-webm-vp8: eb34c28f22e8b96e1ab97ce403110664 -> 
  custom:audio-decoder-ogg-vorbis: bf7c407c2cedff20999df2af8eb42d56 -> 
  custom:audio-encoder-webm-vorbis: bf7c407c2cedff20999df2af8eb42d56 -> 
========================================================================
Received Prepare
Begin MonoManager ReloadAssembly
- Loaded All Assemblies, in  0.512 seconds
Refreshing native plugins compatible for Editor in 2.48 ms, found 3 plugins.
Native extension for OSXStandalone target not found
[Package Manager] Server::EnsureServerProcessIsRunning -- launch failed, reason: Unity was launched with the -noUpm command-line argument
[Package Manager] UpmClient::Send -- Unable to send message (not connected to UPM process).
[Package Manager] Cannot connect to Unity Package Manager local server
Mono: successfully reloaded assembly
- Finished resetting the current domain, in  1.021 seconds
Domain Reload Profiling: 1533ms
	BeginReloadAssembly (179ms)
		ExecutionOrderSort (0ms)
		DisableScriptedObjects (14ms)
		BackupInstance (0ms)
		ReleaseScriptingObjects (0ms)
		CreateAndSetChildDomain (55ms)
	RebuildCommonClasses (45ms)
	RebuildNativeTypeToScriptingClass (14ms)
	initialDomainReloadingComplete (28ms)
	LoadAllAssembliesAndSetupDomain (244ms)
		LoadAssemblies (305ms)
		RebuildTransferFunctionScriptingTraits (0ms)
		AnalyzeDomain (16ms)
			TypeCache.Refresh (6ms)
				TypeCache.ScanAssembly (0ms)
			ScanForSourceGeneratedMonoScriptInfo (0ms)
			ResolveRequiredComponents (7ms)
	FinalizeReload (1021ms)
		ReleaseScriptCaches (0ms)
		RebuildScriptCaches (0ms)
		SetupLoadedEditorAssemblies (560ms)
			LogAssemblyErrors (0ms)
			InitializePlatformSupportModulesInManaged (5ms)
			SetLoadedEditorAssemblies (5ms)
			RefreshPlugins (0ms)
			BeforeProcessingInitializeOnLoad (70ms)
			ProcessInitializeOnLoadAttributes (432ms)
			ProcessInitializeOnLoadMethodAttributes (46ms)
			AfterProcessingInitializeOnLoad (1ms)
			EditorAssembliesLoaded (0ms)
		ExecutionOrderSort2 (0ms)
		AwakeInstancesAfterBackupRestoration (13ms)
Refreshing native plugins compatible for Editor in 2.66 ms, found 3 plugins.
Preloading 0 native plugins for Editor in 0.00 ms.
Unloading 4024 Unused Serialized files (Serialized files now loaded: 0)
Unloading 42 unused Assets / (176.7 KB). Loaded Objects now: 4489.
Memory consumption went from 153.8 MB to 153.6 MB.
Total: 5.252822 ms (FindLiveObjects: 0.313791 ms CreateObjectMapping: 0.399280 ms MarkObjects: 4.309733 ms  DeleteObjects: 0.228973 ms)

Prepare: number of updated asset objects reloaded= 0
AssetImportParameters requested are different than current active one (requested -> active):
  custom:container-demuxer-ogg: 62fdf1f143b41e24485cea50d1cbac27 -> 
  custom:video-decoder-ogg-theora: a1e56fd34408186e4bbccfd4996cb3dc -> 
  custom:CustomObjectIndexerAttribute: 43b350a4d6e6d1791af0b5038c4bea17 -> 
  custom:container-demuxer-webm: 4f35f7cbe854078d1ac9338744f61a02 -> 
  custom:container-muxer-webm: aa71ff27fc2769a1b78a27578f13a17b -> 
  custom:video-decoder-webm-vp8: 9c59270c3fd7afecdb556c50c9e8de78 -> 
  custom:SearchIndexIgnoredProperties: e643bd26f0fe6173181afceb89e7c659 -> 
  custom:AudioImporter_EditorPlatform: 3918e3fc78b5a79bad01e8451be0beb8 -> 
  custom:framework-osx-AVFoundation: e770b220cccbd017edd2c1fefb359320 -> 
  custom:video-encoder-webm-vp8: eb34c28f22e8b96e1ab97ce403110664 -> 
  custom:audio-decoder-ogg-vorbis: bf7c407c2cedff20999df2af8eb42d56 -> 
  custom:audio-encoder-webm-vorbis: bf7c407c2cedff20999df2af8eb42d56 -> 
========================================================================
Received Prepare
Begin MonoManager ReloadAssembly
- Loaded All Assemblies, in  0.515 seconds
Refreshing native plugins compatible for Editor in 2.58 ms, found 3 plugins.
Native extension for OSXStandalone target not found
[Package Manager] Server::EnsureServerProcessIsRunning -- launch failed, reason: Unity was launched with the -noUpm command-line argument
[Package Manager] UpmClient::Send -- Unable to send message (not connected to UPM process).
[Package Manager] Cannot connect to Unity Package Manager local server
Mono: successfully reloaded assembly
- Finished resetting the current domain, in  1.049 seconds
Domain Reload Profiling: 1564ms
	BeginReloadAssembly (177ms)
		ExecutionOrderSort (0ms)
		DisableScriptedObjects (14ms)
		BackupInstance (0ms)
		ReleaseScriptingObjects (0ms)
		CreateAndSetChildDomain (55ms)
	RebuildCommonClasses (46ms)
	RebuildNativeTypeToScriptingClass (14ms)
	initialDomainReloadingComplete (29ms)
	LoadAllAssembliesAndSetupDomain (248ms)
		LoadAssemblies (306ms)
		RebuildTransferFunctionScriptingTraits (0ms)
		AnalyzeDomain (17ms)
			TypeCache.Refresh (6ms)
				TypeCache.ScanAssembly (0ms)
			ScanForSourceGeneratedMonoScriptInfo (0ms)
			ResolveRequiredComponents (7ms)
	FinalizeReload (1049ms)
		ReleaseScriptCaches (0ms)
		RebuildScriptCaches (0ms)
		SetupLoadedEditorAssemblies (571ms)
			LogAssemblyErrors (0ms)
			InitializePlatformSupportModulesInManaged (5ms)
			SetLoadedEditorAssemblies (6ms)
			RefreshPlugins (0ms)
			BeforeProcessingInitializeOnLoad (72ms)
			ProcessInitializeOnLoadAttributes (441ms)
			ProcessInitializeOnLoadMethodAttributes (46ms)
			AfterProcessingInitializeOnLoad (2ms)
			EditorAssembliesLoaded (0ms)
		ExecutionOrderSort2 (0ms)
		AwakeInstancesAfterBackupRestoration (13ms)
Refreshing native plugins compatible for Editor in 2.45 ms, found 3 plugins.
Preloading 0 native plugins for Editor in 0.00 ms.
Unloading 4024 Unused Serialized files (Serialized files now loaded: 0)
Unloading 42 unused Assets / (176.4 KB). Loaded Objects now: 4493.
Memory consumption went from 160.2 MB to 160.0 MB.
Total: 4.298127 ms (FindLiveObjects: 0.275654 ms CreateObjectMapping: 0.277079 ms MarkObjects: 3.537710 ms  DeleteObjects: 0.206899 ms)

Prepare: number of updated asset objects reloaded= 0
AssetImportParameters requested are different than current active one (requested -> active):
  custom:container-demuxer-ogg: 62fdf1f143b41e24485cea50d1cbac27 -> 
  custom:video-decoder-ogg-theora: a1e56fd34408186e4bbccfd4996cb3dc -> 
  custom:CustomObjectIndexerAttribute: 43b350a4d6e6d1791af0b5038c4bea17 -> 
  custom:container-demuxer-webm: 4f35f7cbe854078d1ac9338744f61a02 -> 
  custom:container-muxer-webm: aa71ff27fc2769a1b78a27578f13a17b -> 
  custom:video-decoder-webm-vp8: 9c59270c3fd7afecdb556c50c9e8de78 -> 
  custom:SearchIndexIgnoredProperties: e643bd26f0fe6173181afceb89e7c659 -> 
  custom:AudioImporter_EditorPlatform: 3918e3fc78b5a79bad01e8451be0beb8 -> 
  custom:framework-osx-AVFoundation: e770b220cccbd017edd2c1fefb359320 -> 
  custom:video-encoder-webm-vp8: eb34c28f22e8b96e1ab97ce403110664 -> 
  custom:audio-decoder-ogg-vorbis: bf7c407c2cedff20999df2af8eb42d56 -> 
  custom:audio-encoder-webm-vorbis: bf7c407c2cedff20999df2af8eb42d56 -> 
========================================================================
Received Prepare
Begin MonoManager ReloadAssembly
- Loaded All Assemblies, in  0.511 seconds
Refreshing native plugins compatible for Editor in 2.38 ms, found 3 plugins.
Native extension for OSXStandalone target not found
[Package Manager] Server::EnsureServerProcessIsRunning -- launch failed, reason: Unity was launched with the -noUpm command-line argument
[Package Manager] UpmClient::Send -- Unable to send message (not connected to UPM process).
[Package Manager] Cannot connect to Unity Package Manager local server
Mono: successfully reloaded assembly
- Finished resetting the current domain, in  1.016 seconds
Domain Reload Profiling: 1526ms
	BeginReloadAssembly (176ms)
		ExecutionOrderSort (0ms)
		DisableScriptedObjects (14ms)
		BackupInstance (0ms)
		ReleaseScriptingObjects (0ms)
		CreateAndSetChildDomain (54ms)
	RebuildCommonClasses (44ms)
	RebuildNativeTypeToScriptingClass (14ms)
	initialDomainReloadingComplete (28ms)
	LoadAllAssembliesAndSetupDomain (248ms)
		LoadAssemblies (308ms)
		RebuildTransferFunctionScriptingTraits (0ms)
		AnalyzeDomain (17ms)
			TypeCache.Refresh (7ms)
				TypeCache.ScanAssembly (0ms)
			ScanForSourceGeneratedMonoScriptInfo (0ms)
			ResolveRequiredComponents (7ms)
	FinalizeReload (1016ms)
		ReleaseScriptCaches (0ms)
		RebuildScriptCaches (0ms)
		SetupLoadedEditorAssemblies (543ms)
			LogAssemblyErrors (0ms)
			InitializePlatformSupportModulesInManaged (5ms)
			SetLoadedEditorAssemblies (5ms)
			RefreshPlugins (0ms)
			BeforeProcessingInitializeOnLoad (68ms)
			ProcessInitializeOnLoadAttributes (421ms)
			ProcessInitializeOnLoadMethodAttributes (42ms)
			AfterProcessingInitializeOnLoad (2ms)
			EditorAssembliesLoaded (0ms)
		ExecutionOrderSort2 (0ms)
		AwakeInstancesAfterBackupRestoration (13ms)
Refreshing native plugins compatible for Editor in 2.48 ms, found 3 plugins.
Preloading 0 native plugins for Editor in 0.00 ms.
Unloading 4024 Unused Serialized files (Serialized files now loaded: 0)
Unloading 42 unused Assets / (176.7 KB). Loaded Objects now: 4497.
Memory consumption went from 166.6 MB to 166.4 MB.
Total: 4.335818 ms (FindLiveObjects: 0.350229 ms CreateObjectMapping: 0.294271 ms MarkObjects: 3.489175 ms  DeleteObjects: 0.201336 ms)

Prepare: number of updated asset objects reloaded= 0
AssetImportParameters requested are different than current active one (requested -> active):
  custom:container-demuxer-ogg: 62fdf1f143b41e24485cea50d1cbac27 -> 
  custom:video-decoder-ogg-theora: a1e56fd34408186e4bbccfd4996cb3dc -> 
  custom:CustomObjectIndexerAttribute: 43b350a4d6e6d1791af0b5038c4bea17 -> 
  custom:container-demuxer-webm: 4f35f7cbe854078d1ac9338744f61a02 -> 
  custom:container-muxer-webm: aa71ff27fc2769a1b78a27578f13a17b -> 
  custom:video-decoder-webm-vp8: 9c59270c3fd7afecdb556c50c9e8de78 -> 
  custom:SearchIndexIgnoredProperties: e643bd26f0fe6173181afceb89e7c659 -> 
  custom:AudioImporter_EditorPlatform: 3918e3fc78b5a79bad01e8451be0beb8 -> 
  custom:framework-osx-AVFoundation: e770b220cccbd017edd2c1fefb359320 -> 
  custom:video-encoder-webm-vp8: eb34c28f22e8b96e1ab97ce403110664 -> 
  custom:audio-decoder-ogg-vorbis: bf7c407c2cedff20999df2af8eb42d56 -> 
  custom:audio-encoder-webm-vorbis: bf7c407c2cedff20999df2af8eb42d56 -> 
========================================================================
Received Import Request.
  Time since last request: 163406.025746 seconds.
  path: Assets/TilesBackground/Elemental_walls.png
  artifactKey: Guid(663332d8796ba448c85501857a0c2808) Importer(815301076,1909f56bfc062723c751e8b465ee728b)
Start importing Assets/TilesBackground/Elemental_walls.png using Guid(663332d8796ba448c85501857a0c2808) Importer(815301076,1909f56bfc062723c751e8b465ee728b)  -> (artifact id: 'c4c88f11f29b0575ec0a8fae0ed17d9c') in 0.817040 seconds
Number of updated asset objects reloaded before import = 0
Number of asset objects unloaded after import = 3
========================================================================
Received Import Request.
  Time since last request: 29.835455 seconds.
  path: Assets/TilesBackground/Background.prefab
  artifactKey: Guid(ee0a35ba3929142c18cbd77a91af5bc6) Importer(815301076,1909f56bfc062723c751e8b465ee728b)
Start importing Assets/TilesBackground/Background.prefab using Guid(ee0a35ba3929142c18cbd77a91af5bc6) Importer(815301076,1909f56bfc062723c751e8b465ee728b)  -> (artifact id: '4d257eaeb90083cf6115a5ed5d75dd59') in 0.080427 seconds
Number of updated asset objects reloaded before import = 0
Number of asset objects unloaded after import = 22
========================================================================
Received Import Request.
  Time since last request: 18.162786 seconds.
  path: Assets/TilesBackground/Elemental_walls.png
  artifactKey: Guid(663332d8796ba448c85501857a0c2808) Importer(815301076,1909f56bfc062723c751e8b465ee728b)
Start importing Assets/TilesBackground/Elemental_walls.png using Guid(663332d8796ba448c85501857a0c2808) Importer(815301076,1909f56bfc062723c751e8b465ee728b)  -> (artifact id: 'eb7ab80e7ba67b5d5dffdbacceea080c') in 0.019275 seconds
Number of updated asset objects reloaded before import = 0
Number of asset objects unloaded after import = 3
========================================================================
Received Import Request.
  Time since last request: 0.002036 seconds.
  path: Assets/TilesBackground/Background.prefab
  artifactKey: Guid(ee0a35ba3929142c18cbd77a91af5bc6) Importer(815301076,1909f56bfc062723c751e8b465ee728b)
Start importing Assets/TilesBackground/Background.prefab using Guid(ee0a35ba3929142c18cbd77a91af5bc6) Importer(815301076,1909f56bfc062723c751e8b465ee728b)  -> (artifact id: '7492790f9d1bd0356ffc733b6f96d605') in 0.013903 seconds
Number of updated asset objects reloaded before import = 0
Number of asset objects unloaded after import = 22
========================================================================
Received Import Request.
  Time since last request: 24.579160 seconds.
  path: Assets/TilesBackground/Elemental_walls.png
  artifactKey: Guid(663332d8796ba448c85501857a0c2808) Importer(815301076,1909f56bfc062723c751e8b465ee728b)
Start importing Assets/TilesBackground/Elemental_walls.png using Guid(663332d8796ba448c85501857a0c2808) Importer(815301076,1909f56bfc062723c751e8b465ee728b)  -> (artifact id: '69f9f832483a330a48a28e8ca9ae72a8') in 0.009479 seconds
Number of updated asset objects reloaded before import = 0
Number of asset objects unloaded after import = 2
========================================================================
Received Import Request.
  Time since last request: 0.006930 seconds.
  path: Assets/TilesBackground/Background.prefab
  artifactKey: Guid(ee0a35ba3929142c18cbd77a91af5bc6) Importer(815301076,1909f56bfc062723c751e8b465ee728b)
Start importing Assets/TilesBackground/Background.prefab using Guid(ee0a35ba3929142c18cbd77a91af5bc6) Importer(815301076,1909f56bfc062723c751e8b465ee728b)  -> (artifact id: '30863ff12002d54b06398c6a5f361dd9') in 0.025426 seconds
Number of updated asset objects reloaded before import = 0
Number of asset objects unloaded after import = 20
========================================================================
Received Import Request.
  Time since last request: 94.347517 seconds.
  path: Assets/TilesBackground/Elemental_walls.png
  artifactKey: Guid(663332d8796ba448c85501857a0c2808) Importer(815301076,1909f56bfc062723c751e8b465ee728b)
Start importing Assets/TilesBackground/Elemental_walls.png using Guid(663332d8796ba448c85501857a0c2808) Importer(815301076,1909f56bfc062723c751e8b465ee728b)  -> (artifact id: '1a2f118ee7e0aa91b2d8ba48531bc70d') in 0.007416 seconds
Number of updated asset objects reloaded before import = 0
Number of asset objects unloaded after import = 2
========================================================================
Received Import Request.
  Time since last request: 22.247873 seconds.
  path: Assets/TilesBackground/Background2.prefab
  artifactKey: Guid(ab6b8074560dc4e888e97e0c5e6b2d24) Importer(815301076,1909f56bfc062723c751e8b465ee728b)
Start importing Assets/TilesBackground/Background2.prefab using Guid(ab6b8074560dc4e888e97e0c5e6b2d24) Importer(815301076,1909f56bfc062723c751e8b465ee728b)  -> (artifact id: '159b618dff36f3d5360cdaed51e39712') in 0.012496 seconds
Number of updated asset objects reloaded before import = 0
Number of asset objects unloaded after import = 10
========================================================================
Received Import Request.
  Time since last request: 33.511082 seconds.
  path: Assets/TilesBackground/Elemental_walls.png
  artifactKey: Guid(663332d8796ba448c85501857a0c2808) Importer(815301076,1909f56bfc062723c751e8b465ee728b)
Start importing Assets/TilesBackground/Elemental_walls.png using Guid(663332d8796ba448c85501857a0c2808) Importer(815301076,1909f56bfc062723c751e8b465ee728b)  -> (artifact id: 'a258db16e5a3c73d7f9b4d736f217ef7') in 0.018836 seconds
Number of updated asset objects reloaded before import = 0
Number of asset objects unloaded after import = 3
========================================================================
Received Import Request.
  Time since last request: 5.218245 seconds.
  path: Assets/TilesBackground/Background2.prefab
  artifactKey: Guid(ab6b8074560dc4e888e97e0c5e6b2d24) Importer(815301076,1909f56bfc062723c751e8b465ee728b)
Start importing Assets/TilesBackground/Background2.prefab using Guid(ab6b8074560dc4e888e97e0c5e6b2d24) Importer(815301076,1909f56bfc062723c751e8b465ee728b)  -> (artifact id: '91610df6108875d1ddbbdaba140bc8fd') in 0.029475 seconds
Number of updated asset objects reloaded before import = 0
Number of asset objects unloaded after import = 13
========================================================================
Received Import Request.
  Time since last request: 73.540992 seconds.
  path: Assets/TilesBackground/Background2.prefab
  artifactKey: Guid(ab6b8074560dc4e888e97e0c5e6b2d24) Importer(815301076,1909f56bfc062723c751e8b465ee728b)
Start importing Assets/TilesBackground/Background2.prefab using Guid(ab6b8074560dc4e888e97e0c5e6b2d24) Importer(815301076,1909f56bfc062723c751e8b465ee728b)  -> (artifact id: 'c1f3c3a97ce296a733e081cec72ad771') in 0.024941 seconds
Number of updated asset objects reloaded before import = 0
Number of asset objects unloaded after import = 22
========================================================================
Received Import Request.
  Time since last request: 60.398785 seconds.
  path: Assets/TilesBackground/Background.prefab
  artifactKey: Guid(ee0a35ba3929142c18cbd77a91af5bc6) Importer(815301076,1909f56bfc062723c751e8b465ee728b)
Start importing Assets/TilesBackground/Background.prefab using Guid(ee0a35ba3929142c18cbd77a91af5bc6) Importer(815301076,1909f56bfc062723c751e8b465ee728b)  -> (artifact id: '29c1ab9dddfb8acc6973c4c8efc4aa96') in 0.015162 seconds
Number of updated asset objects reloaded before import = 0
Number of asset objects unloaded after import = 20
========================================================================
Received Import Request.
  Time since last request: 0.000065 seconds.
  path: Assets/TilesBackground/Elemental_TM__0.asset
  artifactKey: Guid(13b5e46b9cdc24985b002f11d9af7240) Importer(815301076,1909f56bfc062723c751e8b465ee728b)
Start importing Assets/TilesBackground/Elemental_TM__0.asset using Guid(13b5e46b9cdc24985b002f11d9af7240) Importer(815301076,1909f56bfc062723c751e8b465ee728b)  -> (artifact id: '39517b14268733840b2509f31396eb5e') in 0.015836 seconds
Number of updated asset objects reloaded before import = 0
Number of asset objects unloaded after import = 3
========================================================================
Received Import Request.
  Time since last request: 0.000062 seconds.
  path: Assets/TilesBackground/Elemental_TM_.png
  artifactKey: Guid(b37a44b54ef5f4ddcb37e4fb8f07316a) Importer(815301076,1909f56bfc062723c751e8b465ee728b)
Start importing Assets/TilesBackground/Elemental_TM_.png using Guid(b37a44b54ef5f4ddcb37e4fb8f07316a) Importer(815301076,1909f56bfc062723c751e8b465ee728b)  -> (artifact id: '77aa17eaa8a68d0b814e29a58a7523bf') in 0.023619 seconds
Number of updated asset objects reloaded before import = 0
Number of asset objects unloaded after import = 6
========================================================================
Received Import Request.
  Time since last request: 0.000479 seconds.
  path: Assets/TilesBackground/Elemental_TM__3.asset
  artifactKey: Guid(f744badfe4371450ba7bf0d509e7aeab) Importer(815301076,1909f56bfc062723c751e8b465ee728b)
Start importing Assets/TilesBackground/Elemental_TM__3.asset using Guid(f744badfe4371450ba7bf0d509e7aeab) Importer(815301076,1909f56bfc062723c751e8b465ee728b)  -> (artifact id: '9cee5828310c98d80e905a65f881ed1a') in 0.005214 seconds
Number of updated asset objects reloaded before import = 0
Number of asset objects unloaded after import = 3
========================================================================
Received Import Request.
  Time since last request: 0.000088 seconds.
  path: Assets/TilesBackground/Elemental_TM__1.asset
  artifactKey: Guid(231184584163d4ca8bbe9f2d3c5b9a12) Importer(815301076,1909f56bfc062723c751e8b465ee728b)
Start importing Assets/TilesBackground/Elemental_TM__1.asset using Guid(231184584163d4ca8bbe9f2d3c5b9a12) Importer(815301076,1909f56bfc062723c751e8b465ee728b)  -> (artifact id: '5d353badf85e70aa231c49beb29e0c95') in 0.005612 seconds
Number of updated asset objects reloaded before import = 0
Number of asset objects unloaded after import = 3
========================================================================
Received Import Request.
  Time since last request: 0.000061 seconds.
  path: Assets/TilesBackground/Elemental_TM__2.asset
  artifactKey: Guid(d7ae3527e13d04edc8587f4a75d60094) Importer(815301076,1909f56bfc062723c751e8b465ee728b)
Start importing Assets/TilesBackground/Elemental_TM__2.asset using Guid(d7ae3527e13d04edc8587f4a75d60094) Importer(815301076,1909f56bfc062723c751e8b465ee728b)  -> (artifact id: '0debb824bf0edbab0ad9ae3556377e7c') in 0.005732 seconds
Number of updated asset objects reloaded before import = 0
Number of asset objects unloaded after import = 3
========================================================================
Received Import Request.
  Time since last request: 44.831548 seconds.
  path: Assets/TilesBackground/Background2.prefab
  artifactKey: Guid(ab6b8074560dc4e888e97e0c5e6b2d24) Importer(815301076,1909f56bfc062723c751e8b465ee728b)
Start importing Assets/TilesBackground/Background2.prefab using Guid(ab6b8074560dc4e888e97e0c5e6b2d24) Importer(815301076,1909f56bfc062723c751e8b465ee728b)  -> (artifact id: '5cc8345ce247976cd8d6f0b7cb93ebc3') in 0.024056 seconds
Number of updated asset objects reloaded before import = 0
Number of asset objects unloaded after import = 22
========================================================================
Received Import Request.
  Time since last request: 0.000065 seconds.
  path: Assets/TilesBackground/Elemental_TM__1.asset
  artifactKey: Guid(231184584163d4ca8bbe9f2d3c5b9a12) Importer(815301076,1909f56bfc062723c751e8b465ee728b)
Start importing Assets/TilesBackground/Elemental_TM__1.asset using Guid(231184584163d4ca8bbe9f2d3c5b9a12) Importer(815301076,1909f56bfc062723c751e8b465ee728b)  -> (artifact id: '50d70802fc174c07859b50f9ab3a7f73') in 0.006495 seconds
Number of updated asset objects reloaded before import = 0
Number of asset objects unloaded after import = 3
========================================================================
Received Import Request.
  Time since last request: 0.000114 seconds.
  path: Assets/TilesBackground/Elemental_TM__2.asset
  artifactKey: Guid(d7ae3527e13d04edc8587f4a75d60094) Importer(815301076,1909f56bfc062723c751e8b465ee728b)
Start importing Assets/TilesBackground/Elemental_TM__2.asset using Guid(d7ae3527e13d04edc8587f4a75d60094) Importer(815301076,1909f56bfc062723c751e8b465ee728b)  -> (artifact id: 'bcc6c933fefa6467197287cef94c19cf') in 0.007225 seconds
Number of updated asset objects reloaded before import = 0
Number of asset objects unloaded after import = 3
Editor requested this worker to shutdown with reason: Scaling down because of idle timeout
TcpMessagingSession - receive error: operation aborted. errorcode: 89, details: Operation aborted.
AssetImportWorker is now disconnected from the server
Process exiting
